
=== Mon Apr  4 15:19:11 2022

Packages were changed.
Update Mode: updateDependencies

The following packages were added:
  com.unity.ide.visualstudio@2.0.14
The following packages were updated:
  com.unity.ads from version 3.4.7 to 3.7.5
  com.unity.analytics from version 3.3.5 to 3.6.12
  com.unity.collab-proxy from version 1.2.16 to 1.14.13
  com.unity.ide.vscode from version 1.2.1 to 1.2.5
  com.unity.mathematics from version 1.2.1 to 1.2.5
  com.unity.textmeshpro from version 2.0.1 to 2.1.4
  com.unity.xr.legacyinputhelpers from version 2.1.4 to 2.1.9

=== Sun Jun 12 13:55:43 2022

Packages were changed.
Update Mode: updateDependencies

The following packages were updated:
  com.unity.collab-proxy from version 1.14.13 to 1.14.16
  com.unity.ide.visualstudio from version 2.0.14 to 2.0.15
  com.unity.mathematics from version 1.2.5 to 1.2.6
